<?xml version="1.0" encoding="UTF-8"?>
<!-- Generated by org.testng.reporters.JUnitReportReporter -->
<testsuite hostname="LAPTOP-JEC01BGU" failures="0" tests="1" name="TestCases.hotelSearchTest" time="12.071" errors="0" timestamp="01 Jun 2021 01:46:41 GMT" skipped="0">
  <testcase classname="TestCases.hotelSearchTest" name="validation" time="12.071"/>
</testsuite> <!-- TestCases.hotelSearchTest -->
